<?xml version="1.0" encoding="UTF-8"?>
<testng-results ignored="0" total="0" passed="0" failed="0" skipped="0">
  <reporter-output>
  </reporter-output>
  <suite started-at="2024-07-20T19:09:46 CDT" name="Surefire suite" finished-at="2024-07-20T19:09:53 CDT" duration-ms="6982">
    <groups>
    </groups>
    <test started-at="2024-07-20T19:09:46 CDT" name="Surefire test" finished-at="2024-07-20T19:09:53 CDT" duration-ms="6982">
      <class name="Tryagin.target.TestComponents.BaseTest">
        <test-method is-config="true" signature="LaunchApp()[pri:0, instance:Tryagin.target.TestComponents.BaseTest@18ce0030]" started-at="2024-07-20T19:09:46 CDT" name="LaunchApp" finished-at="2024-07-20T19:09:53 CDT" duration-ms="6966" status="PASS">
          <reporter-output>
          </reporter-output>
        </test-method> <!-- LaunchApp -->
      </class> <!-- Tryagin.target.TestComponents.BaseTest -->
    </test> <!-- Surefire test -->
  </suite> <!-- Surefire suite -->
</testng-results>
