<?xml version="1.0" encoding="UTF-8"?>
<testng-results ignored="0" total="2" passed="1" failed="1" skipped="0">
  <reporter-output>
  </reporter-output>
  <suite started-at="2024-07-20T19:06:19 CDT" name="Suite" finished-at="2024-07-20T19:06:57 CDT" duration-ms="37373">
    <groups>
    </groups>
    <test started-at="2024-07-20T19:06:19 CDT" name="Test" finished-at="2024-07-20T19:06:57 CDT" duration-ms="37373">
      <class name="Tryagain.target.targetpurchasetest">
        <test-method is-config="true" signature="LaunchApp()[pri:0, instance:Tryagain.target.targetpurchasetest@465232e9]" started-at="2024-07-20T19:06:19 CDT" name="LaunchApp" finished-at="2024-07-20T19:06:26 CDT" duration-ms="7143" status="PASS">
          <reporter-output>
          </reporter-output>
        </test-method> <!-- LaunchApp -->
        <test-method signature="loginsuccessfull()[pri:1, instance:Tryagain.target.targetpurchasetest@465232e9]" started-at="2024-07-20T19:06:26 CDT" name="loginsuccessfull" finished-at="2024-07-20T19:06:40 CDT" duration-ms="13907" status="PASS">
          <reporter-output>
          </reporter-output>
        </test-method> <!-- loginsuccessfull -->
        <test-method signature="verifypurchaseflow()[pri:2, instance:Tryagain.target.targetpurchasetest@465232e9]" started-at="2024-07-20T19:06:40 CDT" name="verifypurchaseflow" finished-at="2024-07-20T19:06:56 CDT" duration-ms="15974" status="FAIL">
          <exception class="org.openqa.selenium.ElementClickInterceptedException">
            <message>
              <![CDATA[element click intercepted: Element <button type="button" aria-expanded="false" aria-hidden="false" id="select-custom-button-id" data-test="select" class="sc-9306beff-0 sc-724c6a6-0 jSlehU fiLxTC sc-9306beff-0 sc-724c6a6-1 jSlehU ckPLbq">...</button> is not clickable at point (759, 656). Other element would receive the click: <div class="sc-5da3fdcc-0 cqdDWw">...</div>
  (Session info: chrome=126.0.6478.127)
Build info: version: '4.22.0', revision: 'c5f3146703*'
System info: os.name: 'Windows 11', os.arch: 'amd64', os.version: '10.0', java.version: '21.0.1'
Driver info: org.openqa.selenium.chrome.ChromeDriver
Command: [3e7eb60ea39e7651a7c45ba5dfba80a3, clickElement {id=f.D4F6AAA7CE8C153858135666A74EDDA6.d.543AE32F1BDF10097DA8C822A34327E4.e.167}]
Capabilities {acceptInsecureCerts: false, browserName: chrome, browserVersion: 126.0.6478.127, chrome: {chromedriverVersion: 126.0.6478.182 (5b5d8292ddf..., userDataDir: C:\Users\theer\AppData\Loca...}, fedcm:accounts: true, goog:chromeOptions: {debuggerAddress: localhost:59409}, networkConnectionEnabled: false, pageLoadStrategy: normal, platformName: windows, proxy: Proxy(), se:cdp: ws://localhost:59409/devtoo..., se:cdpVersion: 126.0.6478.127, setWindowRect: true, strictFileInteractability: false, timeouts: {implicit: 0, pageLoad: 300000, script: 30000}, unhandledPromptBehavior: dismiss and notify, webauthn:extension:credBlob: true, webauthn:extension:largeBlob: true, webauthn:extension:minPinLength: true, webauthn:extension:prf: true, webauthn:virtualAuthenticators: true}
Element: [[ChromeDriver: chrome on windows (3e7eb60ea39e7651a7c45ba5dfba80a3)] -> xpath: //div[@class='sc-5da3fdcc-0 iNQaAr']/div/div/div[2]/div/button]
Session ID: 3e7eb60ea39e7651a7c45ba5dfba80a3]]>
            </message>
            <full-stacktrace>
              <![CDATA[org.openqa.selenium.ElementClickInterceptedException: element click intercepted: Element <button type="button" aria-expanded="false" aria-hidden="false" id="select-custom-button-id" data-test="select" class="sc-9306beff-0 sc-724c6a6-0 jSlehU fiLxTC sc-9306beff-0 sc-724c6a6-1 jSlehU ckPLbq">...</button> is not clickable at point (759, 656). Other element would receive the click: <div class="sc-5da3fdcc-0 cqdDWw">...</div>
  (Session info: chrome=126.0.6478.127)
Build info: version: '4.22.0', revision: 'c5f3146703*'
System info: os.name: 'Windows 11', os.arch: 'amd64', os.version: '10.0', java.version: '21.0.1'
Driver info: org.openqa.selenium.chrome.ChromeDriver
Command: [3e7eb60ea39e7651a7c45ba5dfba80a3, clickElement {id=f.D4F6AAA7CE8C153858135666A74EDDA6.d.543AE32F1BDF10097DA8C822A34327E4.e.167}]
Capabilities {acceptInsecureCerts: false, browserName: chrome, browserVersion: 126.0.6478.127, chrome: {chromedriverVersion: 126.0.6478.182 (5b5d8292ddf..., userDataDir: C:\Users\theer\AppData\Loca...}, fedcm:accounts: true, goog:chromeOptions: {debuggerAddress: localhost:59409}, networkConnectionEnabled: false, pageLoadStrategy: normal, platformName: windows, proxy: Proxy(), se:cdp: ws://localhost:59409/devtoo..., se:cdpVersion: 126.0.6478.127, setWindowRect: true, strictFileInteractability: false, timeouts: {implicit: 0, pageLoad: 300000, script: 30000}, unhandledPromptBehavior: dismiss and notify, webauthn:extension:credBlob: true, webauthn:extension:largeBlob: true, webauthn:extension:minPinLength: true, webauthn:extension:prf: true, webauthn:virtualAuthenticators: true}
Element: [[ChromeDriver: chrome on windows (3e7eb60ea39e7651a7c45ba5dfba80a3)] -> xpath: //div[@class='sc-5da3fdcc-0 iNQaAr']/div/div/div[2]/div/button]
Session ID: 3e7eb60ea39e7651a7c45ba5dfba80a3
at java.base/jdk.internal.reflect.DirectConstructorHandleAccessor.newInstance(DirectConstructorHandleAccessor.java:62)
at java.base/java.lang.reflect.Constructor.newInstanceWithCaller(Constructor.java:502)
at java.base/java.lang.reflect.Constructor.newInstance(Constructor.java:486)
at org.openqa.selenium.remote.ErrorCodec.decode(ErrorCodec.java:167)
at org.openqa.selenium.remote.codec.w3c.W3CHttpResponseCodec.decode(W3CHttpResponseCodec.java:138)
at org.openqa.selenium.remote.codec.w3c.W3CHttpResponseCodec.decode(W3CHttpResponseCodec.java:50)
at org.openqa.selenium.remote.HttpCommandExecutor.execute(HttpCommandExecutor.java:190)
at org.openqa.selenium.remote.service.DriverCommandExecutor.invokeExecute(DriverCommandExecutor.java:216)
at org.openqa.selenium.remote.service.DriverCommandExecutor.execute(DriverCommandExecutor.java:174)
at org.openqa.selenium.remote.RemoteWebDriver.execute(RemoteWebDriver.java:518)
at org.openqa.selenium.remote.RemoteWebElement.execute(RemoteWebElement.java:223)
at org.openqa.selenium.remote.RemoteWebElement.click(RemoteWebElement.java:76)
at Tryagain.target.SearchResultspageTest.searchResultpage(SearchResultspageTest.java:30)
at Tryagain.target.targetpurchasetest.verifypurchaseflow(targetpurchasetest.java:26)
at java.base/jdk.internal.reflect.DirectMethodHandleAccessor.invoke(DirectMethodHandleAccessor.java:103)
at java.base/java.lang.reflect.Method.invoke(Method.java:580)
at org.testng.internal.invokers.MethodInvocationHelper.invokeMethod(MethodInvocationHelper.java:139)
at org.testng.internal.invokers.TestInvoker.invokeMethod(TestInvoker.java:664)
at org.testng.internal.invokers.TestInvoker.invokeTestMethod(TestInvoker.java:228)
at org.testng.internal.invokers.MethodRunner.runInSequence(MethodRunner.java:63)
at org.testng.internal.invokers.TestInvoker$MethodInvocationAgent.invoke(TestInvoker.java:961)
at org.testng.internal.invokers.TestInvoker.invokeTestMethods(TestInvoker.java:201)
at org.testng.internal.invokers.TestMethodWorker.invokeTestMethods(TestMethodWorker.java:148)
at org.testng.internal.invokers.TestMethodWorker.run(TestMethodWorker.java:128)
at java.base/java.util.ArrayList.forEach(ArrayList.java:1596)
at org.testng.TestRunner.privateRun(TestRunner.java:819)
at org.testng.TestRunner.run(TestRunner.java:619)
at org.testng.SuiteRunner.runTest(SuiteRunner.java:443)
at org.testng.SuiteRunner.runSequentially(SuiteRunner.java:437)
at org.testng.SuiteRunner.privateRun(SuiteRunner.java:397)
at org.testng.SuiteRunner.run(SuiteRunner.java:336)
at org.testng.SuiteRunnerWorker.runSuite(SuiteRunnerWorker.java:52)
at org.testng.SuiteRunnerWorker.run(SuiteRunnerWorker.java:95)
at org.testng.TestNG.runSuitesSequentially(TestNG.java:1301)
at org.testng.TestNG.runSuitesLocally(TestNG.java:1228)
at org.testng.TestNG.runSuites(TestNG.java:1134)
at org.testng.TestNG.run(TestNG.java:1101)
at org.testng.remote.AbstractRemoteTestNG.run(AbstractRemoteTestNG.java:115)
at org.testng.remote.RemoteTestNG.initAndRun(RemoteTestNG.java:251)
at org.testng.remote.RemoteTestNG.main(RemoteTestNG.java:77)
]]>
            </full-stacktrace>
          </exception> <!-- org.openqa.selenium.ElementClickInterceptedException -->
          <reporter-output>
          </reporter-output>
        </test-method> <!-- verifypurchaseflow -->
      </class> <!-- Tryagain.target.targetpurchasetest -->
    </test> <!-- Test -->
  </suite> <!-- Suite -->
</testng-results>
